2 4.80596e-06 2.98464e-06
4 4.57975e-06 1.0301e-06
8 4.79459e-06 6.49916e-07
16 5.15253e-06 7.59213e-07
32 3.53845e-06 4.19623e-07
64 3.42653e-06 1.37885e-06
128 4.94974e-06 7.52758e-06
256 3.98385e-06 2.75111e-06
512 4.28551e-06 2.9007e-07
1024 5.98806e-06 7.54268e-07
2048 9.80335e-06 2.49142e-06
4096 1.75452e-05 2.6872e-06
8192 3.00505e-05 5.80362e-07
16384 6.07822e-05 1.5862e-05
32768 0.00012269 1.16633e-05
65536 0.000232778 3.67857e-05
131072 0.000453804 2.11408e-05
262144 0.000928893 3.50201e-05
524288 0.00185997 4.62374e-05
1048576 0.0036287 2.90209e-05
