2 2.39714e-06 4.90309e-07
4 2.3432e-06 4.79986e-07
8 2.60515e-06 1.23065e-06
16 2.43251e-06 4.81793e-07
32 2.5812e-06 5.08005e-07
64 3.71828e-06 1.21521e-05
128 2.44316e-06 4.71321e-07
256 3.43455e-06 6.93719e-06
512 2.49716e-06 5.58826e-07
1024 2.54244e-06 4.60421e-07
2048 3.12312e-06 4.87537e-07
4096 3.13406e-06 3.80808e-07
8192 3.44501e-06 5.17721e-07
16384 4.10315e-06 2.93546e-07
32768 5.9606e-06 2.22188e-07
65536 1.02307e-05 1.82277e-06
131072 1.81377e-05 6.10401e-07
262144 3.25484e-05 1.02811e-06
524288 6.31831e-05 2.42394e-06
1048576 0.000161962 6.36226e-05
